<?xml version="1.0" encoding="UTF-8"?>
<coverage generated="1591000294251" clover="3.2.0">
  <project timestamp="1591000294251" name="All files">
    <metrics statements="107" coveredstatements="68" conditionals="95" coveredconditionals="39" methods="25" coveredmethods="14" elements="227" coveredelements="121" complexity="0" loc="107" ncloc="107" packages="1" files="2" classes="2"/>
    <file name="script.js" path="/Users/chaimochs/code/jobApps/weatherTest/script.js">
      <metrics statements="72" coveredstatements="45" conditionals="83" coveredconditionals="30" methods="20" coveredmethods="11"/>
      <line num="1" count="2" type="cond" truecount="3" falsecount="0"/>
      <line num="2" count="0" type="cond" truecount="0" falsecount="2"/>
      <line num="3" count="14" type="cond" truecount="2" falsecount="0"/>
      <line num="4" count="0" type="stmt"/>
      <line num="5" count="0" type="stmt"/>
      <line num="6" count="0" type="cond" truecount="0" falsecount="2"/>
      <line num="7" count="14" type="cond" truecount="2" falsecount="0"/>
      <line num="10" count="2" type="cond" truecount="3" falsecount="0"/>
      <line num="11" count="14" type="cond" truecount="0" falsecount="2"/>
      <line num="12" count="14" type="cond" truecount="2" falsecount="0"/>
      <line num="13" count="42" type="stmt"/>
      <line num="15" count="14" type="cond" truecount="1" falsecount="1"/>
      <line num="16" count="28" type="stmt"/>
      <line num="17" count="28" type="cond" truecount="2" falsecount="11"/>
      <line num="18" count="28" type="cond" truecount="1" falsecount="1"/>
      <line num="19" count="28" type="cond" truecount="3" falsecount="3"/>
      <line num="20" count="14" type="stmt"/>
      <line num="21" count="0" type="stmt"/>
      <line num="22" count="0" type="stmt"/>
      <line num="23" count="0" type="stmt"/>
      <line num="25" count="14" type="cond" truecount="4" falsecount="3"/>
      <line num="26" count="0" type="cond" truecount="0" falsecount="6"/>
      <line num="27" count="0" type="cond" truecount="0" falsecount="4"/>
      <line num="28" count="0" type="cond" truecount="0" falsecount="4"/>
      <line num="29" count="0" type="cond" truecount="0" falsecount="2"/>
      <line num="30" count="0" type="stmt"/>
      <line num="32" count="14" type="stmt"/>
      <line num="33" count="28" type="stmt"/>
      <line num="34" count="14" type="cond" truecount="1" falsecount="3"/>
      <line num="37" count="2" type="stmt"/>
      <line num="38" count="2" type="stmt"/>
      <line num="47" count="2" type="stmt"/>
      <line num="48" count="17" type="stmt"/>
      <line num="49" count="17" type="stmt"/>
      <line num="50" count="17" type="cond" truecount="2" falsecount="0"/>
      <line num="51" count="11" type="stmt"/>
      <line num="52" count="6" type="cond" truecount="2" falsecount="0"/>
      <line num="53" count="5" type="stmt"/>
      <line num="55" count="1" type="stmt"/>
      <line num="57" count="2" type="stmt"/>
      <line num="58" count="1" type="stmt"/>
      <line num="59" count="1" type="stmt"/>
      <line num="60" count="1" type="stmt"/>
      <line num="61" count="1" type="stmt"/>
      <line num="63" count="2" type="stmt"/>
      <line num="64" count="0" type="cond" truecount="0" falsecount="2"/>
      <line num="65" count="0" type="stmt"/>
      <line num="66" count="0" type="cond" truecount="0" falsecount="2"/>
      <line num="67" count="0" type="stmt"/>
      <line num="68" count="0" type="cond" truecount="0" falsecount="2"/>
      <line num="69" count="0" type="stmt"/>
      <line num="71" count="14" type="stmt"/>
      <line num="73" count="14" type="stmt"/>
      <line num="74" count="14" type="cond" truecount="1" falsecount="2"/>
      <line num="76" count="14" type="stmt"/>
      <line num="77" count="14" type="stmt"/>
      <line num="78" count="14" type="stmt"/>
      <line num="79" count="14" type="cond" truecount="1" falsecount="1"/>
      <line num="80" count="0" type="stmt"/>
      <line num="81" count="14" type="stmt"/>
      <line num="82" count="14" type="stmt"/>
      <line num="84" count="0" type="stmt"/>
      <line num="85" count="0" type="stmt"/>
      <line num="87" count="0" type="stmt"/>
      <line num="88" count="0" type="stmt"/>
      <line num="89" count="0" type="stmt"/>
      <line num="90" count="0" type="stmt"/>
      <line num="91" count="0" type="stmt"/>
      <line num="95" count="2" type="stmt"/>
      <line num="96" count="14" type="stmt"/>
      <line num="98" count="0" type="stmt"/>
      <line num="101" count="2" type="stmt"/>
    </file>
    <file name="script.ts" path="/Users/chaimochs/code/jobApps/weatherTest/script.ts">
      <metrics statements="35" coveredstatements="23" conditionals="12" coveredconditionals="9" methods="5" coveredmethods="3"/>
      <line num="1" count="1" type="stmt"/>
      <line num="11" count="1" type="stmt"/>
      <line num="12" count="7" type="stmt"/>
      <line num="13" count="7" type="stmt"/>
      <line num="14" count="7" type="cond" truecount="2" falsecount="0"/>
      <line num="15" count="5" type="stmt"/>
      <line num="16" count="2" type="cond" truecount="1" falsecount="1"/>
      <line num="17" count="2" type="stmt"/>
      <line num="18" count="0" type="stmt"/>
      <line num="21" count="1" type="stmt"/>
      <line num="22" count="0" type="stmt"/>
      <line num="23" count="0" type="stmt"/>
      <line num="24" count="0" type="stmt"/>
      <line num="25" count="0" type="stmt"/>
      <line num="28" count="1" type="stmt"/>
      <line num="29" count="3" type="cond" truecount="2" falsecount="0"/>
      <line num="30" count="2" type="cond" truecount="2" falsecount="0"/>
      <line num="31" count="1" type="cond" truecount="1" falsecount="1"/>
      <line num="34" count="1" type="stmt"/>
      <line num="35" count="7" type="stmt"/>
      <line num="36" count="7" type="stmt"/>
      <line num="37" count="7" type="stmt"/>
      <line num="38" count="7" type="cond" truecount="1" falsecount="1"/>
      <line num="39" count="0" type="stmt"/>
      <line num="40" count="7" type="stmt"/>
      <line num="41" count="7" type="stmt"/>
      <line num="42" count="0" type="stmt"/>
      <line num="43" count="0" type="stmt"/>
      <line num="44" count="0" type="stmt"/>
      <line num="45" count="0" type="stmt"/>
      <line num="52" count="0" type="stmt"/>
      <line num="55" count="1" type="stmt"/>
      <line num="56" count="7" type="stmt"/>
      <line num="58" count="0" type="stmt"/>
      <line num="62" count="1" type="stmt"/>
    </file>
  </project>
</coverage>
