{"/Users/chaimochs/code/jobApps/weatherTest/script.js": {"path":"/Users/chaimochs/code/jobApps/weatherTest/script.js","statementMap":{"0":{"start":{"line":1,"column":16},"end":{"line":9,"column":1}},"1":{"start":{"line":2,"column":28},"end":{"line":2,"column":110}},"2":{"start":{"line":2,"column":91},"end":{"line":2,"column":106}},"3":{"start":{"line":3,"column":4},"end":{"line":8,"column":7}},"4":{"start":{"line":4,"column":36},"end":{"line":4,"column":97}},"5":{"start":{"line":4,"column":42},"end":{"line":4,"column":70}},"6":{"start":{"line":4,"column":85},"end":{"line":4,"column":95}},"7":{"start":{"line":5,"column":35},"end":{"line":5,"column":100}},"8":{"start":{"line":5,"column":41},"end":{"line":5,"column":73}},"9":{"start":{"line":5,"column":88},"end":{"line":5,"column":98}},"10":{"start":{"line":6,"column":32},"end":{"line":6,"column":116}},"11":{"start":{"line":7,"column":8},"end":{"line":7,"column":78}},"12":{"start":{"line":10,"column":18},"end":{"line":36,"column":1}},"13":{"start":{"line":11,"column":12},"end":{"line":11,"column":104}},"14":{"start":{"line":11,"column":43},"end":{"line":11,"column":68}},"15":{"start":{"line":11,"column":57},"end":{"line":11,"column":68}},"16":{"start":{"line":11,"column":69},"end":{"line":11,"column":81}},"17":{"start":{"line":12,"column":4},"end":{"line":12,"column":157}},"18":{"start":{"line":12,"column":138},"end":{"line":12,"column":150}},"19":{"start":{"line":13,"column":23},"end":{"line":13,"column":68}},"20":{"start":{"line":13,"column":45},"end":{"line":13,"column":65}},"21":{"start":{"line":15,"column":8},"end":{"line":15,"column":70}},"22":{"start":{"line":15,"column":15},"end":{"line":15,"column":70}},"23":{"start":{"line":16,"column":8},"end":{"line":33,"column":66}},"24":{"start":{"line":16,"column":18},"end":{"line":33,"column":66}},"25":{"start":{"line":17,"column":12},"end":{"line":17,"column":169}},"26":{"start":{"line":17,"column":160},"end":{"line":17,"column":169}},"27":{"start":{"line":18,"column":12},"end":{"line":18,"column":52}},"28":{"start":{"line":18,"column":26},"end":{"line":18,"column":52}},"29":{"start":{"line":19,"column":12},"end":{"line":31,"column":13}},"30":{"start":{"line":20,"column":32},"end":{"line":20,"column":39}},"31":{"start":{"line":20,"column":40},"end":{"line":20,"column":46}},"32":{"start":{"line":21,"column":24},"end":{"line":21,"column":34}},"33":{"start":{"line":21,"column":35},"end":{"line":21,"column":72}},"34":{"start":{"line":22,"column":24},"end":{"line":22,"column":34}},"35":{"start":{"line":22,"column":35},"end":{"line":22,"column":45}},"36":{"start":{"line":22,"column":46},"end":{"line":22,"column":55}},"37":{"start":{"line":22,"column":56},"end":{"line":22,"column":65}},"38":{"start":{"line":23,"column":24},"end":{"line":23,"column":41}},"39":{"start":{"line":23,"column":42},"end":{"line":23,"column":55}},"40":{"start":{"line":23,"column":56},"end":{"line":23,"column":65}},"41":{"start":{"line":25,"column":20},"end":{"line":25,"column":128}},"42":{"start":{"line":25,"column":110},"end":{"line":25,"column":116}},"43":{"start":{"line":25,"column":117},"end":{"line":25,"column":126}},"44":{"start":{"line":26,"column":20},"end":{"line":26,"column":106}},"45":{"start":{"line":26,"column":81},"end":{"line":26,"column":97}},"46":{"start":{"line":26,"column":98},"end":{"line":26,"column":104}},"47":{"start":{"line":27,"column":20},"end":{"line":27,"column":89}},"48":{"start":{"line":27,"column":57},"end":{"line":27,"column":72}},"49":{"start":{"line":27,"column":73},"end":{"line":27,"column":80}},"50":{"start":{"line":27,"column":81},"end":{"line":27,"column":87}},"51":{"start":{"line":28,"column":20},"end":{"line":28,"column":87}},"52":{"start":{"line":28,"column":47},"end":{"line":28,"column":62}},"53":{"start":{"line":28,"column":63},"end":{"line":28,"column":78}},"54":{"start":{"line":28,"column":79},"end":{"line":28,"column":85}},"55":{"start":{"line":29,"column":20},"end":{"line":29,"column":42}},"56":{"start":{"line":29,"column":30},"end":{"line":29,"column":42}},"57":{"start":{"line":30,"column":20},"end":{"line":30,"column":33}},"58":{"start":{"line":30,"column":34},"end":{"line":30,"column":43}},"59":{"start":{"line":32,"column":12},"end":{"line":32,"column":39}},"60":{"start":{"line":33,"column":22},"end":{"line":33,"column":34}},"61":{"start":{"line":33,"column":35},"end":{"line":33,"column":41}},"62":{"start":{"line":33,"column":54},"end":{"line":33,"column":64}},"63":{"start":{"line":34,"column":8},"end":{"line":34,"column":35}},"64":{"start":{"line":34,"column":23},"end":{"line":34,"column":35}},"65":{"start":{"line":34,"column":36},"end":{"line":34,"column":89}},"66":{"start":{"line":37,"column":12},"end":{"line":37,"column":16}},"67":{"start":{"line":38,"column":13},"end":{"line":46,"column":1}},"68":{"start":{"line":47,"column":28},"end":{"line":56,"column":1}},"69":{"start":{"line":48,"column":20},"end":{"line":48,"column":64}},"70":{"start":{"line":49,"column":19},"end":{"line":49,"column":30}},"71":{"start":{"line":50,"column":4},"end":{"line":55,"column":20}},"72":{"start":{"line":51,"column":8},"end":{"line":51,"column":19}},"73":{"start":{"line":52,"column":9},"end":{"line":55,"column":20}},"74":{"start":{"line":53,"column":8},"end":{"line":53,"column":21}},"75":{"start":{"line":55,"column":8},"end":{"line":55,"column":20}},"76":{"start":{"line":57,"column":37},"end":{"line":62,"column":1}},"77":{"start":{"line":58,"column":23},"end":{"line":58,"column":43}},"78":{"start":{"line":59,"column":21},"end":{"line":59,"column":43}},"79":{"start":{"line":60,"column":26},"end":{"line":60,"column":79}},"80":{"start":{"line":61,"column":4},"end":{"line":61,"column":27}},"81":{"start":{"line":63,"column":25},"end":{"line":70,"column":1}},"82":{"start":{"line":64,"column":4},"end":{"line":65,"column":33}},"83":{"start":{"line":65,"column":8},"end":{"line":65,"column":33}},"84":{"start":{"line":66,"column":4},"end":{"line":67,"column":35}},"85":{"start":{"line":67,"column":8},"end":{"line":67,"column":35}},"86":{"start":{"line":68,"column":4},"end":{"line":69,"column":18}},"87":{"start":{"line":69,"column":8},"end":{"line":69,"column":18}},"88":{"start":{"line":71,"column":24},"end":{"line":94,"column":5}},"89":{"start":{"line":71,"column":46},"end":{"line":94,"column":3}},"90":{"start":{"line":73,"column":4},"end":{"line":93,"column":7}},"91":{"start":{"line":74,"column":8},"end":{"line":92,"column":9}},"92":{"start":{"line":76,"column":16},"end":{"line":76,"column":77}},"93":{"start":{"line":77,"column":16},"end":{"line":77,"column":61}},"94":{"start":{"line":78,"column":16},"end":{"line":78,"column":70}},"95":{"start":{"line":79,"column":16},"end":{"line":80,"column":48}},"96":{"start":{"line":80,"column":20},"end":{"line":80,"column":48}},"97":{"start":{"line":81,"column":16},"end":{"line":81,"column":110}},"98":{"start":{"line":82,"column":16},"end":{"line":82,"column":49}},"99":{"start":{"line":84,"column":16},"end":{"line":84,"column":40}},"100":{"start":{"line":85,"column":16},"end":{"line":85,"column":57}},"101":{"start":{"line":87,"column":16},"end":{"line":87,"column":33}},"102":{"start":{"line":88,"column":16},"end":{"line":88,"column":83}},"103":{"start":{"line":89,"column":16},"end":{"line":89,"column":67}},"104":{"start":{"line":90,"column":16},"end":{"line":90,"column":578}},"105":{"start":{"line":91,"column":16},"end":{"line":91,"column":53}},"106":{"start":{"line":95,"column":0},"end":{"line":100,"column":1}},"107":{"start":{"line":95,"column":13},"end":{"line":95,"column":14}},"108":{"start":{"line":96,"column":4},"end":{"line":99,"column":7}},"109":{"start":{"line":98,"column":8},"end":{"line":98,"column":25}},"110":{"start":{"line":101,"column":0},"end":{"line":103,"column":45}}},"fnMap":{"0":{"name":"(anonymous_0)","decl":{"start":{"line":1,"column":44},"end":{"line":1,"column":45}},"loc":{"start":{"line":1,"column":89},"end":{"line":9,"column":1}},"line":1},"1":{"name":"adopt","decl":{"start":{"line":2,"column":13},"end":{"line":2,"column":18}},"loc":{"start":{"line":2,"column":26},"end":{"line":2,"column":112}},"line":2},"2":{"name":"(anonymous_2)","decl":{"start":{"line":2,"column":70},"end":{"line":2,"column":71}},"loc":{"start":{"line":2,"column":89},"end":{"line":2,"column":108}},"line":2},"3":{"name":"(anonymous_3)","decl":{"start":{"line":3,"column":36},"end":{"line":3,"column":37}},"loc":{"start":{"line":3,"column":63},"end":{"line":8,"column":5}},"line":3},"4":{"name":"fulfilled","decl":{"start":{"line":4,"column":17},"end":{"line":4,"column":26}},"loc":{"start":{"line":4,"column":34},"end":{"line":4,"column":99}},"line":4},"5":{"name":"rejected","decl":{"start":{"line":5,"column":17},"end":{"line":5,"column":25}},"loc":{"start":{"line":5,"column":33},"end":{"line":5,"column":102}},"line":5},"6":{"name":"step","decl":{"start":{"line":6,"column":17},"end":{"line":6,"column":21}},"loc":{"start":{"line":6,"column":30},"end":{"line":6,"column":118}},"line":6},"7":{"name":"(anonymous_7)","decl":{"start":{"line":10,"column":48},"end":{"line":10,"column":49}},"loc":{"start":{"line":10,"column":73},"end":{"line":36,"column":1}},"line":10},"8":{"name":"(anonymous_8)","decl":{"start":{"line":11,"column":30},"end":{"line":11,"column":31}},"loc":{"start":{"line":11,"column":41},"end":{"line":11,"column":83}},"line":11},"9":{"name":"(anonymous_9)","decl":{"start":{"line":12,"column":125},"end":{"line":12,"column":126}},"loc":{"start":{"line":12,"column":136},"end":{"line":12,"column":152}},"line":12},"10":{"name":"verb","decl":{"start":{"line":13,"column":13},"end":{"line":13,"column":17}},"loc":{"start":{"line":13,"column":21},"end":{"line":13,"column":70}},"line":13},"11":{"name":"(anonymous_11)","decl":{"start":{"line":13,"column":30},"end":{"line":13,"column":31}},"loc":{"start":{"line":13,"column":43},"end":{"line":13,"column":67}},"line":13},"12":{"name":"step","decl":{"start":{"line":14,"column":13},"end":{"line":14,"column":17}},"loc":{"start":{"line":14,"column":22},"end":{"line":35,"column":5}},"line":14},"13":{"name":"(anonymous_13)","decl":{"start":{"line":47,"column":28},"end":{"line":47,"column":29}},"loc":{"start":{"line":47,"column":45},"end":{"line":56,"column":1}},"line":47},"14":{"name":"(anonymous_14)","decl":{"start":{"line":57,"column":37},"end":{"line":57,"column":38}},"loc":{"start":{"line":57,"column":62},"end":{"line":62,"column":1}},"line":57},"15":{"name":"(anonymous_15)","decl":{"start":{"line":63,"column":25},"end":{"line":63,"column":26}},"loc":{"start":{"line":63,"column":41},"end":{"line":70,"column":1}},"line":63},"16":{"name":"(anonymous_16)","decl":{"start":{"line":71,"column":24},"end":{"line":71,"column":25}},"loc":{"start":{"line":71,"column":44},"end":{"line":94,"column":5}},"line":71},"17":{"name":"(anonymous_17)","decl":{"start":{"line":71,"column":86},"end":{"line":71,"column":87}},"loc":{"start":{"line":71,"column":98},"end":{"line":94,"column":1}},"line":71},"18":{"name":"(anonymous_18)","decl":{"start":{"line":73,"column":29},"end":{"line":73,"column":30}},"loc":{"start":{"line":73,"column":43},"end":{"line":93,"column":5}},"line":73},"19":{"name":"(anonymous_19)","decl":{"start":{"line":97,"column":14},"end":{"line":97,"column":15}},"loc":{"start":{"line":97,"column":29},"end":{"line":99,"column":5}},"line":97}},"branchMap":{"0":{"loc":{"start":{"line":1,"column":16},"end":{"line":9,"column":1}},"type":"binary-expr","locations":[{"start":{"line":1,"column":17},"end":{"line":1,"column":21}},{"start":{"line":1,"column":25},"end":{"line":1,"column":39}},{"start":{"line":1,"column":44},"end":{"line":9,"column":1}}],"line":1},"1":{"loc":{"start":{"line":2,"column":35},"end":{"line":2,"column":109}},"type":"cond-expr","locations":[{"start":{"line":2,"column":56},"end":{"line":2,"column":61}},{"start":{"line":2,"column":64},"end":{"line":2,"column":109}}],"line":2},"2":{"loc":{"start":{"line":3,"column":16},"end":{"line":3,"column":34}},"type":"binary-expr","locations":[{"start":{"line":3,"column":16},"end":{"line":3,"column":17}},{"start":{"line":3,"column":22},"end":{"line":3,"column":33}}],"line":3},"3":{"loc":{"start":{"line":6,"column":32},"end":{"line":6,"column":115}},"type":"cond-expr","locations":[{"start":{"line":6,"column":46},"end":{"line":6,"column":67}},{"start":{"line":6,"column":70},"end":{"line":6,"column":115}}],"line":6},"4":{"loc":{"start":{"line":7,"column":51},"end":{"line":7,"column":67}},"type":"binary-expr","locations":[{"start":{"line":7,"column":51},"end":{"line":7,"column":61}},{"start":{"line":7,"column":65},"end":{"line":7,"column":67}}],"line":7},"5":{"loc":{"start":{"line":10,"column":18},"end":{"line":36,"column":1}},"type":"binary-expr","locations":[{"start":{"line":10,"column":19},"end":{"line":10,"column":23}},{"start":{"line":10,"column":27},"end":{"line":10,"column":43}},{"start":{"line":10,"column":48},"end":{"line":36,"column":1}}],"line":10},"6":{"loc":{"start":{"line":11,"column":43},"end":{"line":11,"column":68}},"type":"if","locations":[{"start":{"line":11,"column":43},"end":{"line":11,"column":68}},{"start":{"line":11,"column":43},"end":{"line":11,"column":68}}],"line":11},"7":{"loc":{"start":{"line":12,"column":71},"end":{"line":12,"column":153}},"type":"binary-expr","locations":[{"start":{"line":12,"column":71},"end":{"line":12,"column":99}},{"start":{"line":12,"column":104},"end":{"line":12,"column":152}}],"line":12},"8":{"loc":{"start":{"line":15,"column":8},"end":{"line":15,"column":70}},"type":"if","locations":[{"start":{"line":15,"column":8},"end":{"line":15,"column":70}},{"start":{"line":15,"column":8},"end":{"line":15,"column":70}}],"line":15},"9":{"loc":{"start":{"line":17,"column":12},"end":{"line":17,"column":169}},"type":"if","locations":[{"start":{"line":17,"column":12},"end":{"line":17,"column":169}},{"start":{"line":17,"column":12},"end":{"line":17,"column":169}}],"line":17},"10":{"loc":{"start":{"line":17,"column":23},"end":{"line":17,"column":158}},"type":"binary-expr","locations":[{"start":{"line":17,"column":23},"end":{"line":17,"column":24}},{"start":{"line":17,"column":29},"end":{"line":17,"column":125}},{"start":{"line":17,"column":130},"end":{"line":17,"column":158}}],"line":17},"11":{"loc":{"start":{"line":17,"column":33},"end":{"line":17,"column":125}},"type":"cond-expr","locations":[{"start":{"line":17,"column":45},"end":{"line":17,"column":56}},{"start":{"line":17,"column":59},"end":{"line":17,"column":125}}],"line":17},"12":{"loc":{"start":{"line":17,"column":59},"end":{"line":17,"column":125}},"type":"cond-expr","locations":[{"start":{"line":17,"column":67},"end":{"line":17,"column":116}},{"start":{"line":17,"column":119},"end":{"line":17,"column":125}}],"line":17},"13":{"loc":{"start":{"line":17,"column":67},"end":{"line":17,"column":116}},"type":"binary-expr","locations":[{"start":{"line":17,"column":67},"end":{"line":17,"column":77}},{"start":{"line":17,"column":82},"end":{"line":17,"column":115}}],"line":17},"14":{"loc":{"start":{"line":17,"column":82},"end":{"line":17,"column":112}},"type":"binary-expr","locations":[{"start":{"line":17,"column":83},"end":{"line":17,"column":98}},{"start":{"line":17,"column":103},"end":{"line":17,"column":112}}],"line":17},"15":{"loc":{"start":{"line":18,"column":12},"end":{"line":18,"column":52}},"type":"if","locations":[{"start":{"line":18,"column":12},"end":{"line":18,"column":52}},{"start":{"line":18,"column":12},"end":{"line":18,"column":52}}],"line":18},"16":{"loc":{"start":{"line":19,"column":12},"end":{"line":31,"column":13}},"type":"switch","locations":[{"start":{"line":20,"column":16},"end":{"line":20,"column":23}},{"start":{"line":20,"column":24},"end":{"line":20,"column":46}},{"start":{"line":21,"column":16},"end":{"line":21,"column":72}},{"start":{"line":22,"column":16},"end":{"line":22,"column":65}},{"start":{"line":23,"column":16},"end":{"line":23,"column":65}},{"start":{"line":24,"column":16},"end":{"line":30,"column":43}}],"line":19},"17":{"loc":{"start":{"line":25,"column":20},"end":{"line":25,"column":128}},"type":"if","locations":[{"start":{"line":25,"column":20},"end":{"line":25,"column":128}},{"start":{"line":25,"column":20},"end":{"line":25,"column":128}}],"line":25},"18":{"loc":{"start":{"line":25,"column":24},"end":{"line":25,"column":106}},"type":"binary-expr","locations":[{"start":{"line":25,"column":24},"end":{"line":25,"column":74}},{"start":{"line":25,"column":79},"end":{"line":25,"column":90}},{"start":{"line":25,"column":94},"end":{"line":25,"column":105}}],"line":25},"19":{"loc":{"start":{"line":25,"column":42},"end":{"line":25,"column":73}},"type":"binary-expr","locations":[{"start":{"line":25,"column":42},"end":{"line":25,"column":54}},{"start":{"line":25,"column":58},"end":{"line":25,"column":73}}],"line":25},"20":{"loc":{"start":{"line":26,"column":20},"end":{"line":26,"column":106}},"type":"if","locations":[{"start":{"line":26,"column":20},"end":{"line":26,"column":106}},{"start":{"line":26,"column":20},"end":{"line":26,"column":106}}],"line":26},"21":{"loc":{"start":{"line":26,"column":24},"end":{"line":26,"column":77}},"type":"binary-expr","locations":[{"start":{"line":26,"column":24},"end":{"line":26,"column":35}},{"start":{"line":26,"column":40},"end":{"line":26,"column":42}},{"start":{"line":26,"column":47},"end":{"line":26,"column":59}},{"start":{"line":26,"column":63},"end":{"line":26,"column":75}}],"line":26},"22":{"loc":{"start":{"line":27,"column":20},"end":{"line":27,"column":89}},"type":"if","locations":[{"start":{"line":27,"column":20},"end":{"line":27,"column":89}},{"start":{"line":27,"column":20},"end":{"line":27,"column":89}}],"line":27},"23":{"loc":{"start":{"line":27,"column":24},"end":{"line":27,"column":53}},"type":"binary-expr","locations":[{"start":{"line":27,"column":24},"end":{"line":27,"column":35}},{"start":{"line":27,"column":39},"end":{"line":27,"column":53}}],"line":27},"24":{"loc":{"start":{"line":28,"column":20},"end":{"line":28,"column":87}},"type":"if","locations":[{"start":{"line":28,"column":20},"end":{"line":28,"column":87}},{"start":{"line":28,"column":20},"end":{"line":28,"column":87}}],"line":28},"25":{"loc":{"start":{"line":28,"column":24},"end":{"line":28,"column":43}},"type":"binary-expr","locations":[{"start":{"line":28,"column":24},"end":{"line":28,"column":25}},{"start":{"line":28,"column":29},"end":{"line":28,"column":43}}],"line":28},"26":{"loc":{"start":{"line":29,"column":20},"end":{"line":29,"column":42}},"type":"if","locations":[{"start":{"line":29,"column":20},"end":{"line":29,"column":42}},{"start":{"line":29,"column":20},"end":{"line":29,"column":42}}],"line":29},"27":{"loc":{"start":{"line":34,"column":8},"end":{"line":34,"column":35}},"type":"if","locations":[{"start":{"line":34,"column":8},"end":{"line":34,"column":35}},{"start":{"line":34,"column":8},"end":{"line":34,"column":35}}],"line":34},"28":{"loc":{"start":{"line":34,"column":52},"end":{"line":34,"column":74}},"type":"cond-expr","locations":[{"start":{"line":34,"column":60},"end":{"line":34,"column":65}},{"start":{"line":34,"column":68},"end":{"line":34,"column":74}}],"line":34},"29":{"loc":{"start":{"line":50,"column":4},"end":{"line":55,"column":20}},"type":"if","locations":[{"start":{"line":50,"column":4},"end":{"line":55,"column":20}},{"start":{"line":50,"column":4},"end":{"line":55,"column":20}}],"line":50},"30":{"loc":{"start":{"line":52,"column":9},"end":{"line":55,"column":20}},"type":"if","locations":[{"start":{"line":52,"column":9},"end":{"line":55,"column":20}},{"start":{"line":52,"column":9},"end":{"line":55,"column":20}}],"line":52},"31":{"loc":{"start":{"line":64,"column":4},"end":{"line":65,"column":33}},"type":"if","locations":[{"start":{"line":64,"column":4},"end":{"line":65,"column":33}},{"start":{"line":64,"column":4},"end":{"line":65,"column":33}}],"line":64},"32":{"loc":{"start":{"line":66,"column":4},"end":{"line":67,"column":35}},"type":"if","locations":[{"start":{"line":66,"column":4},"end":{"line":67,"column":35}},{"start":{"line":66,"column":4},"end":{"line":67,"column":35}}],"line":66},"33":{"loc":{"start":{"line":68,"column":4},"end":{"line":69,"column":18}},"type":"if","locations":[{"start":{"line":68,"column":4},"end":{"line":69,"column":18}},{"start":{"line":68,"column":4},"end":{"line":69,"column":18}}],"line":68},"34":{"loc":{"start":{"line":74,"column":8},"end":{"line":92,"column":9}},"type":"switch","locations":[{"start":{"line":75,"column":12},"end":{"line":82,"column":49}},{"start":{"line":83,"column":12},"end":{"line":85,"column":57}},{"start":{"line":86,"column":12},"end":{"line":91,"column":53}}],"line":74},"35":{"loc":{"start":{"line":79,"column":16},"end":{"line":80,"column":48}},"type":"if","locations":[{"start":{"line":79,"column":16},"end":{"line":80,"column":48}},{"start":{"line":79,"column":16},"end":{"line":80,"column":48}}],"line":79}},"s":{"0":2,"1":0,"2":0,"3":14,"4":0,"5":0,"6":0,"7":0,"8":0,"9":0,"10":0,"11":14,"12":2,"13":14,"14":0,"15":0,"16":0,"17":14,"18":0,"19":42,"20":14,"21":14,"22":0,"23":14,"24":28,"25":28,"26":0,"27":28,"28":0,"29":28,"30":14,"31":14,"32":0,"33":0,"34":0,"35":0,"36":0,"37":0,"38":0,"39":0,"40":0,"41":14,"42":14,"43":14,"44":0,"45":0,"46":0,"47":0,"48":0,"49":0,"50":0,"51":0,"52":0,"53":0,"54":0,"55":0,"56":0,"57":0,"58":0,"59":14,"60":14,"61":14,"62":28,"63":14,"64":14,"65":0,"66":2,"67":2,"68":2,"69":17,"70":17,"71":17,"72":11,"73":6,"74":5,"75":1,"76":2,"77":1,"78":1,"79":1,"80":1,"81":2,"82":0,"83":0,"84":0,"85":0,"86":0,"87":0,"88":2,"89":14,"90":14,"91":14,"92":14,"93":14,"94":14,"95":14,"96":0,"97":14,"98":14,"99":0,"100":0,"101":0,"102":0,"103":0,"104":0,"105":0,"106":2,"107":2,"108":14,"109":0,"110":2},"f":{"0":14,"1":0,"2":0,"3":14,"4":0,"5":0,"6":0,"7":14,"8":0,"9":0,"10":42,"11":14,"12":14,"13":17,"14":1,"15":0,"16":14,"17":14,"18":14,"19":0},"b":{"0":[2,2,2],"1":[0,0],"2":[14,14],"3":[0,0],"4":[14,14],"5":[2,2,2],"6":[0,0],"7":[14,14],"8":[0,14],"9":[0,28],"10":[28,0,0],"11":[0,0],"12":[0,0],"13":[0,0],"14":[0,0],"15":[0,28],"16":[14,14,0,0,0,14],"17":[14,0],"18":[14,14,0],"19":[14,0],"20":[0,0],"21":[0,0,0,0],"22":[0,0],"23":[0,0],"24":[0,0],"25":[0,0],"26":[0,0],"27":[14,0],"28":[0,0],"29":[11,6],"30":[5,1],"31":[0,0],"32":[0,0],"33":[0,0],"34":[14,0,0],"35":[0,14]},"inputSourceMap":null,"_coverageSchema":"1a1c01bbd47fc00a2c39e90264f33305004495a9","hash":"36eb874984a816a267382824ff5e9b6bc393a704"}
,"/Users/chaimochs/code/jobApps/weatherTest/script.ts": {"path":"/Users/chaimochs/code/jobApps/weatherTest/script.ts","statementMap":{"0":{"start":{"line":1,"column":25},"end":{"line":9,"column":null}},"1":{"start":{"line":11,"column":30},"end":{"line":19,"column":3}},"2":{"start":{"line":12,"column":28},"end":{"line":12,"column":72}},"3":{"start":{"line":13,"column":28},"end":{"line":13,"column":39}},"4":{"start":{"line":14,"column":4},"end":{"line":18,"column":null}},"5":{"start":{"line":15,"column":6},"end":{"line":15,"column":null}},"6":{"start":{"line":16,"column":11},"end":{"line":18,"column":null}},"7":{"start":{"line":17,"column":6},"end":{"line":17,"column":null}},"8":{"start":{"line":18,"column":11},"end":{"line":18,"column":null}},"9":{"start":{"line":21,"column":42},"end":{"line":26,"column":3}},"10":{"start":{"line":22,"column":33},"end":{"line":22,"column":53}},"11":{"start":{"line":23,"column":29},"end":{"line":23,"column":51}},"12":{"start":{"line":24,"column":36},"end":{"line":24,"column":85}},"13":{"start":{"line":25,"column":4},"end":{"line":25,"column":null}},"14":{"start":{"line":28,"column":28},"end":{"line":32,"column":3}},"15":{"start":{"line":29,"column":4},"end":{"line":29,"column":null}},"16":{"start":{"line":29,"column":22},"end":{"line":29,"column":null}},"17":{"start":{"line":30,"column":4},"end":{"line":30,"column":null}},"18":{"start":{"line":30,"column":22},"end":{"line":30,"column":null}},"19":{"start":{"line":31,"column":4},"end":{"line":31,"column":null}},"20":{"start":{"line":31,"column":24},"end":{"line":31,"column":null}},"21":{"start":{"line":34,"column":28},"end":{"line":53,"column":3}},"22":{"start":{"line":35,"column":29},"end":{"line":35,"column":78}},"23":{"start":{"line":36,"column":28},"end":{"line":36,"column":62}},"24":{"start":{"line":37,"column":45},"end":{"line":37,"column":76}},"25":{"start":{"line":38,"column":4},"end":{"line":39,"column":null}},"26":{"start":{"line":39,"column":6},"end":{"line":39,"column":null}},"27":{"start":{"line":40,"column":22},"end":{"line":40,"column":99}},"28":{"start":{"line":41,"column":22},"end":{"line":41,"column":38}},"29":{"start":{"line":42,"column":15},"end":{"line":42,"column":39}},"30":{"start":{"line":43,"column":29},"end":{"line":43,"column":84}},"31":{"start":{"line":44,"column":47},"end":{"line":44,"column":80}},"32":{"start":{"line":45,"column":38},"end":{"line":51,"column":49}},"33":{"start":{"line":52,"column":5},"end":{"line":52,"column":null}},"34":{"start":{"line":55,"column":0},"end":{"line":60,"column":null}},"35":{"start":{"line":55,"column":12},"end":{"line":55,"column":13}},"36":{"start":{"line":56,"column":2},"end":{"line":59,"column":null}},"37":{"start":{"line":58,"column":4},"end":{"line":58,"column":null}},"38":{"start":{"line":62,"column":0},"end":{"line":64,"column":null}}},"fnMap":{"0":{"name":"(anonymous_0)","decl":{"start":{"line":11,"column":30},"end":{"line":11,"column":31}},"loc":{"start":{"line":11,"column":63},"end":{"line":19,"column":3}}},"1":{"name":"(anonymous_1)","decl":{"start":{"line":21,"column":42},"end":{"line":21,"column":43}},"loc":{"start":{"line":21,"column":76},"end":{"line":26,"column":3}}},"2":{"name":"(anonymous_2)","decl":{"start":{"line":28,"column":28},"end":{"line":28,"column":29}},"loc":{"start":{"line":28,"column":66},"end":{"line":32,"column":3}}},"3":{"name":"(anonymous_3)","decl":{"start":{"line":34,"column":28},"end":{"line":34,"column":33}},"loc":{"start":{"line":34,"column":55},"end":{"line":53,"column":3}}},"4":{"name":"(anonymous_4)","decl":{"start":{"line":57,"column":8},"end":{"line":57,"column":11}},"loc":{"start":{"line":57,"column":14},"end":{"line":59,"column":3}}}},"branchMap":{"0":{"loc":{"start":{"line":14,"column":4},"end":{"line":18,"column":null}},"type":"if","locations":[{"start":{"line":14,"column":4},"end":{"line":18,"column":null}},{"start":{"line":14,"column":4},"end":{"line":18,"column":null}}]},"1":{"loc":{"start":{"line":16,"column":11},"end":{"line":18,"column":null}},"type":"if","locations":[{"start":{"line":16,"column":11},"end":{"line":18,"column":null}},{"start":{"line":16,"column":11},"end":{"line":18,"column":null}}]},"2":{"loc":{"start":{"line":29,"column":4},"end":{"line":29,"column":null}},"type":"if","locations":[{"start":{"line":29,"column":4},"end":{"line":29,"column":null}},{"start":{"line":29,"column":4},"end":{"line":29,"column":null}}]},"3":{"loc":{"start":{"line":30,"column":4},"end":{"line":30,"column":null}},"type":"if","locations":[{"start":{"line":30,"column":4},"end":{"line":30,"column":null}},{"start":{"line":30,"column":4},"end":{"line":30,"column":null}}]},"4":{"loc":{"start":{"line":31,"column":4},"end":{"line":31,"column":null}},"type":"if","locations":[{"start":{"line":31,"column":4},"end":{"line":31,"column":null}},{"start":{"line":31,"column":4},"end":{"line":31,"column":null}}]},"5":{"loc":{"start":{"line":38,"column":4},"end":{"line":39,"column":null}},"type":"if","locations":[{"start":{"line":38,"column":4},"end":{"line":39,"column":null}},{"start":{"line":38,"column":4},"end":{"line":39,"column":null}}]}},"s":{"0":1,"1":1,"2":7,"3":7,"4":7,"5":5,"6":2,"7":2,"8":0,"9":1,"10":0,"11":0,"12":0,"13":0,"14":1,"15":3,"16":1,"17":2,"18":1,"19":1,"20":1,"21":1,"22":7,"23":7,"24":7,"25":7,"26":0,"27":7,"28":7,"29":0,"30":0,"31":0,"32":0,"33":0,"34":1,"35":1,"36":7,"37":0,"38":1},"f":{"0":7,"1":0,"2":3,"3":7,"4":0},"b":{"0":[5,2],"1":[2,0],"2":[1,2],"3":[1,1],"4":[1,0],"5":[0,7]}}
}
