TN:
SF:script.js
FN:1,(anonymous_0)
FN:2,adopt
FN:2,(anonymous_2)
FN:3,(anonymous_3)
FN:4,fulfilled
FN:5,rejected
FN:6,step
FN:10,(anonymous_7)
FN:11,(anonymous_8)
FN:12,(anonymous_9)
FN:13,verb
FN:13,(anonymous_11)
FN:14,step
FN:47,(anonymous_13)
FN:57,(anonymous_14)
FN:63,(anonymous_15)
FN:71,(anonymous_16)
FN:71,(anonymous_17)
FN:73,(anonymous_18)
FN:97,(anonymous_19)
FNF:20
FNH:11
FNDA:14,(anonymous_0)
FNDA:0,adopt
FNDA:0,(anonymous_2)
FNDA:14,(anonymous_3)
FNDA:0,fulfilled
FNDA:0,rejected
FNDA:0,step
FNDA:14,(anonymous_7)
FNDA:0,(anonymous_8)
FNDA:0,(anonymous_9)
FNDA:42,verb
FNDA:14,(anonymous_11)
FNDA:14,step
FNDA:17,(anonymous_13)
FNDA:1,(anonymous_14)
FNDA:0,(anonymous_15)
FNDA:14,(anonymous_16)
FNDA:14,(anonymous_17)
FNDA:14,(anonymous_18)
FNDA:0,(anonymous_19)
DA:1,2
DA:2,0
DA:3,14
DA:4,0
DA:5,0
DA:6,0
DA:7,14
DA:10,2
DA:11,14
DA:12,14
DA:13,42
DA:15,14
DA:16,28
DA:17,28
DA:18,28
DA:19,28
DA:20,14
DA:21,0
DA:22,0
DA:23,0
DA:25,14
DA:26,0
DA:27,0
DA:28,0
DA:29,0
DA:30,0
DA:32,14
DA:33,28
DA:34,14
DA:37,2
DA:38,2
DA:47,2
DA:48,17
DA:49,17
DA:50,17
DA:51,11
DA:52,6
DA:53,5
DA:55,1
DA:57,2
DA:58,1
DA:59,1
DA:60,1
DA:61,1
DA:63,2
DA:64,0
DA:65,0
DA:66,0
DA:67,0
DA:68,0
DA:69,0
DA:71,14
DA:73,14
DA:74,14
DA:76,14
DA:77,14
DA:78,14
DA:79,14
DA:80,0
DA:81,14
DA:82,14
DA:84,0
DA:85,0
DA:87,0
DA:88,0
DA:89,0
DA:90,0
DA:91,0
DA:95,2
DA:96,14
DA:98,0
DA:101,2
LF:72
LH:45
BRDA:1,0,0,2
BRDA:1,0,1,2
BRDA:1,0,2,2
BRDA:2,1,0,0
BRDA:2,1,1,0
BRDA:3,2,0,14
BRDA:3,2,1,14
BRDA:6,3,0,0
BRDA:6,3,1,0
BRDA:7,4,0,14
BRDA:7,4,1,14
BRDA:10,5,0,2
BRDA:10,5,1,2
BRDA:10,5,2,2
BRDA:11,6,0,0
BRDA:11,6,1,0
BRDA:12,7,0,14
BRDA:12,7,1,14
BRDA:15,8,0,0
BRDA:15,8,1,14
BRDA:17,9,0,0
BRDA:17,9,1,28
BRDA:17,10,0,28
BRDA:17,10,1,0
BRDA:17,10,2,0
BRDA:17,11,0,0
BRDA:17,11,1,0
BRDA:17,12,0,0
BRDA:17,12,1,0
BRDA:17,13,0,0
BRDA:17,13,1,0
BRDA:17,14,0,0
BRDA:17,14,1,0
BRDA:18,15,0,0
BRDA:18,15,1,28
BRDA:19,16,0,14
BRDA:19,16,1,14
BRDA:19,16,2,0
BRDA:19,16,3,0
BRDA:19,16,4,0
BRDA:19,16,5,14
BRDA:25,17,0,14
BRDA:25,17,1,0
BRDA:25,18,0,14
BRDA:25,18,1,14
BRDA:25,18,2,0
BRDA:25,19,0,14
BRDA:25,19,1,0
BRDA:26,20,0,0
BRDA:26,20,1,0
BRDA:26,21,0,0
BRDA:26,21,1,0
BRDA:26,21,2,0
BRDA:26,21,3,0
BRDA:27,22,0,0
BRDA:27,22,1,0
BRDA:27,23,0,0
BRDA:27,23,1,0
BRDA:28,24,0,0
BRDA:28,24,1,0
BRDA:28,25,0,0
BRDA:28,25,1,0
BRDA:29,26,0,0
BRDA:29,26,1,0
BRDA:34,27,0,14
BRDA:34,27,1,0
BRDA:34,28,0,0
BRDA:34,28,1,0
BRDA:50,29,0,11
BRDA:50,29,1,6
BRDA:52,30,0,5
BRDA:52,30,1,1
BRDA:64,31,0,0
BRDA:64,31,1,0
BRDA:66,32,0,0
BRDA:66,32,1,0
BRDA:68,33,0,0
BRDA:68,33,1,0
BRDA:74,34,0,14
BRDA:74,34,1,0
BRDA:74,34,2,0
BRDA:79,35,0,0
BRDA:79,35,1,14
BRF:83
BRH:30
end_of_record
TN:
SF:script.ts
FN:11,(anonymous_0)
FN:21,(anonymous_1)
FN:28,(anonymous_2)
FN:34,(anonymous_3)
FN:57,(anonymous_4)
FNF:5
FNH:3
FNDA:7,(anonymous_0)
FNDA:0,(anonymous_1)
FNDA:3,(anonymous_2)
FNDA:7,(anonymous_3)
FNDA:0,(anonymous_4)
DA:1,1
DA:11,1
DA:12,7
DA:13,7
DA:14,7
DA:15,5
DA:16,2
DA:17,2
DA:18,0
DA:21,1
DA:22,0
DA:23,0
DA:24,0
DA:25,0
DA:28,1
DA:29,3
DA:30,2
DA:31,1
DA:34,1
DA:35,7
DA:36,7
DA:37,7
DA:38,7
DA:39,0
DA:40,7
DA:41,7
DA:42,0
DA:43,0
DA:44,0
DA:45,0
DA:52,0
DA:55,1
DA:56,7
DA:58,0
DA:62,1
LF:35
LH:23
BRDA:14,0,0,5
BRDA:14,0,1,2
BRDA:16,1,0,2
BRDA:16,1,1,0
BRDA:29,2,0,1
BRDA:29,2,1,2
BRDA:30,3,0,1
BRDA:30,3,1,1
BRDA:31,4,0,1
BRDA:31,4,1,0
BRDA:38,5,0,0
BRDA:38,5,1,7
BRF:12
BRH:9
end_of_record
